\BOOKMARK [1][-]{section.1}{\376\377\0001\000\040\000C\000l\000a\000s\000s\000\040\000I\000n\000d\000e\000x}{}% 1
\BOOKMARK [2][-]{subsection.1.1}{\376\377\0001\000.\0001\000\040\000C\000l\000a\000s\000s\000\040\000L\000i\000s\000t}{section.1}% 2
\BOOKMARK [1][-]{section.2}{\376\377\0002\000\040\000F\000i\000l\000e\000\040\000I\000n\000d\000e\000x}{}% 3
\BOOKMARK [2][-]{subsection.2.1}{\376\377\0002\000.\0001\000\040\000F\000i\000l\000e\000\040\000L\000i\000s\000t}{section.2}% 4
\BOOKMARK [1][-]{section.3}{\376\377\0003\000\040\000C\000l\000a\000s\000s\000\040\000D\000o\000c\000u\000m\000e\000n\000t\000a\000t\000i\000o\000n}{}% 5
\BOOKMARK [2][-]{subsection.3.1}{\376\377\0003\000.\0001\000\040\000\137\000a\000S\000t\000a\000r\000C\000o\000n\000f\000l\000i\000c\000t\000\040\000S\000t\000r\000u\000c\000t\000\040\000R\000e\000f\000e\000r\000e\000n\000c\000e}{section.3}% 6
\BOOKMARK [3][-]{subsubsection.3.1.1}{\376\377\0003\000.\0001\000.\0001\000\040\000D\000e\000t\000a\000i\000l\000e\000d\000\040\000D\000e\000s\000c\000r\000i\000p\000t\000i\000o\000n}{subsection.3.1}% 7
\BOOKMARK [2][-]{subsection.3.2}{\376\377\0003\000.\0002\000\040\000\137\000a\000S\000t\000a\000r\000N\000o\000d\000e\000\040\000S\000t\000r\000u\000c\000t\000\040\000R\000e\000f\000e\000r\000e\000n\000c\000e}{section.3}% 8
\BOOKMARK [3][-]{subsubsection.3.2.1}{\376\377\0003\000.\0002\000.\0001\000\040\000D\000e\000t\000a\000i\000l\000e\000d\000\040\000D\000e\000s\000c\000r\000i\000p\000t\000i\000o\000n}{subsection.3.2}% 9
\BOOKMARK [2][-]{subsection.3.3}{\376\377\0003\000.\0003\000\040\000\137\000c\000i\000t\000y\000G\000r\000a\000p\000h\000N\000e\000i\000g\000h\000b\000o\000r\000\040\000S\000t\000r\000u\000c\000t\000\040\000R\000e\000f\000e\000r\000e\000n\000c\000e}{section.3}% 10
\BOOKMARK [3][-]{subsubsection.3.3.1}{\376\377\0003\000.\0003\000.\0001\000\040\000D\000e\000t\000a\000i\000l\000e\000d\000\040\000D\000e\000s\000c\000r\000i\000p\000t\000i\000o\000n}{subsection.3.3}% 11
\BOOKMARK [2][-]{subsection.3.4}{\376\377\0003\000.\0004\000\040\000\137\000c\000i\000t\000y\000G\000r\000a\000p\000h\000P\000o\000i\000n\000t\000\040\000S\000t\000r\000u\000c\000t\000\040\000R\000e\000f\000e\000r\000e\000n\000c\000e}{section.3}% 12
\BOOKMARK [3][-]{subsubsection.3.4.1}{\376\377\0003\000.\0004\000.\0001\000\040\000D\000e\000t\000a\000i\000l\000e\000d\000\040\000D\000e\000s\000c\000r\000i\000p\000t\000i\000o\000n}{subsection.3.4}% 13
\BOOKMARK [2][-]{subsection.3.5}{\376\377\0003\000.\0005\000\040\000\137\000c\000i\000t\000y\000M\000a\000p\000B\000u\000i\000l\000d\000i\000n\000g\000\040\000S\000t\000r\000u\000c\000t\000\040\000R\000e\000f\000e\000r\000e\000n\000c\000e}{section.3}% 14
\BOOKMARK [3][-]{subsubsection.3.5.1}{\376\377\0003\000.\0005\000.\0001\000\040\000D\000e\000t\000a\000i\000l\000e\000d\000\040\000D\000e\000s\000c\000r\000i\000p\000t\000i\000o\000n}{subsection.3.5}% 15
\BOOKMARK [2][-]{subsection.3.6}{\376\377\0003\000.\0006\000\040\000\137\000c\000i\000t\000y\000M\000a\000p\000G\000r\000e\000e\000n\000A\000r\000e\000a\000\040\000S\000t\000r\000u\000c\000t\000\040\000R\000e\000f\000e\000r\000e\000n\000c\000e}{section.3}% 16
\BOOKMARK [3][-]{subsubsection.3.6.1}{\376\377\0003\000.\0006\000.\0001\000\040\000D\000e\000t\000a\000i\000l\000e\000d\000\040\000D\000e\000s\000c\000r\000i\000p\000t\000i\000o\000n}{subsection.3.6}% 17
\BOOKMARK [2][-]{subsection.3.7}{\376\377\0003\000.\0007\000\040\000\137\000c\000i\000t\000y\000M\000a\000p\000I\000n\000t\000e\000r\000s\000e\000c\000t\000i\000o\000n\000\040\000S\000t\000r\000u\000c\000t\000\040\000R\000e\000f\000e\000r\000e\000n\000c\000e}{section.3}% 18
\BOOKMARK [3][-]{subsubsection.3.7.1}{\376\377\0003\000.\0007\000.\0001\000\040\000D\000e\000t\000a\000i\000l\000e\000d\000\040\000D\000e\000s\000c\000r\000i\000p\000t\000i\000o\000n}{subsection.3.7}% 19
\BOOKMARK [2][-]{subsection.3.8}{\376\377\0003\000.\0008\000\040\000\137\000c\000i\000t\000y\000M\000a\000p\000R\000o\000a\000d\000\040\000S\000t\000r\000u\000c\000t\000\040\000R\000e\000f\000e\000r\000e\000n\000c\000e}{section.3}% 20
\BOOKMARK [3][-]{subsubsection.3.8.1}{\376\377\0003\000.\0008\000.\0001\000\040\000D\000e\000t\000a\000i\000l\000e\000d\000\040\000D\000e\000s\000c\000r\000i\000p\000t\000i\000o\000n}{subsection.3.8}% 21
\BOOKMARK [2][-]{subsection.3.9}{\376\377\0003\000.\0009\000\040\000\137\000c\000i\000t\000y\000M\000a\000p\000S\000e\000g\000m\000e\000n\000t\000\040\000S\000t\000r\000u\000c\000t\000\040\000R\000e\000f\000e\000r\000e\000n\000c\000e}{section.3}% 22
\BOOKMARK [3][-]{subsubsection.3.9.1}{\376\377\0003\000.\0009\000.\0001\000\040\000D\000e\000t\000a\000i\000l\000e\000d\000\040\000D\000e\000s\000c\000r\000i\000p\000t\000i\000o\000n}{subsection.3.9}% 23
\BOOKMARK [2][-]{subsection.3.10}{\376\377\0003\000.\0001\0000\000\040\000\137\000c\000i\000t\000y\000M\000a\000p\000W\000a\000t\000e\000r\000A\000r\000e\000a\000\040\000S\000t\000r\000u\000c\000t\000\040\000R\000e\000f\000e\000r\000e\000n\000c\000e}{section.3}% 24
\BOOKMARK [3][-]{subsubsection.3.10.1}{\376\377\0003\000.\0001\0000\000.\0001\000\040\000D\000e\000t\000a\000i\000l\000e\000d\000\040\000D\000e\000s\000c\000r\000i\000p\000t\000i\000o\000n}{subsection.3.10}% 25
\BOOKMARK [2][-]{subsection.3.11}{\376\377\0003\000.\0001\0001\000\040\000\137\000d\000a\000t\000a\000\040\000S\000t\000r\000u\000c\000t\000\040\000R\000e\000f\000e\000r\000e\000n\000c\000e}{section.3}% 26
\BOOKMARK [3][-]{subsubsection.3.11.1}{\376\377\0003\000.\0001\0001\000.\0001\000\040\000D\000e\000t\000a\000i\000l\000e\000d\000\040\000D\000e\000s\000c\000r\000i\000p\000t\000i\000o\000n}{subsection.3.11}% 27
\BOOKMARK [2][-]{subsection.3.12}{\376\377\0003\000.\0001\0002\000\040\000\137\000m\000a\000n\000a\000g\000e\000r\000C\000B\000S\000N\000o\000d\000e\000\040\000S\000t\000r\000u\000c\000t\000\040\000R\000e\000f\000e\000r\000e\000n\000c\000e}{section.3}% 28
\BOOKMARK [3][-]{subsubsection.3.12.1}{\376\377\0003\000.\0001\0002\000.\0001\000\040\000D\000e\000t\000a\000i\000l\000e\000d\000\040\000D\000e\000s\000c\000r\000i\000p\000t\000i\000o\000n}{subsection.3.12}% 29
\BOOKMARK [2][-]{subsection.3.13}{\376\377\0003\000.\0001\0003\000\040\000A\000S\000t\000a\000r\000\040\000C\000l\000a\000s\000s\000\040\000R\000e\000f\000e\000r\000e\000n\000c\000e}{section.3}% 30
\BOOKMARK [3][-]{subsubsection.3.13.1}{\376\377\0003\000.\0001\0003\000.\0001\000\040\000D\000e\000t\000a\000i\000l\000e\000d\000\040\000D\000e\000s\000c\000r\000i\000p\000t\000i\000o\000n}{subsection.3.13}% 31
\BOOKMARK [3][-]{subsubsection.3.13.2}{\376\377\0003\000.\0001\0003\000.\0002\000\040\000C\000o\000n\000s\000t\000r\000u\000c\000t\000o\000r\000\040\000\046\000\040\000D\000e\000s\000t\000r\000u\000c\000t\000o\000r\000\040\000D\000o\000c\000u\000m\000e\000n\000t\000a\000t\000i\000o\000n}{subsection.3.13}% 32
\BOOKMARK [3][-]{subsubsection.3.13.3}{\376\377\0003\000.\0001\0003\000.\0003\000\040\000M\000e\000m\000b\000e\000r\000\040\000F\000u\000n\000c\000t\000i\000o\000n\000\040\000D\000o\000c\000u\000m\000e\000n\000t\000a\000t\000i\000o\000n}{subsection.3.13}% 33
\BOOKMARK [2][-]{subsection.3.14}{\376\377\0003\000.\0001\0004\000\040\000C\000a\000r\000\040\000C\000l\000a\000s\000s\000\040\000R\000e\000f\000e\000r\000e\000n\000c\000e}{section.3}% 34
\BOOKMARK [3][-]{subsubsection.3.14.1}{\376\377\0003\000.\0001\0004\000.\0001\000\040\000D\000e\000t\000a\000i\000l\000e\000d\000\040\000D\000e\000s\000c\000r\000i\000p\000t\000i\000o\000n}{subsection.3.14}% 35
\BOOKMARK [3][-]{subsubsection.3.14.2}{\376\377\0003\000.\0001\0004\000.\0002\000\040\000M\000e\000m\000b\000e\000r\000\040\000F\000u\000n\000c\000t\000i\000o\000n\000\040\000D\000o\000c\000u\000m\000e\000n\000t\000a\000t\000i\000o\000n}{subsection.3.14}% 36
\BOOKMARK [2][-]{subsection.3.15}{\376\377\0003\000.\0001\0005\000\040\000C\000i\000t\000y\000G\000r\000a\000p\000h\000\040\000C\000l\000a\000s\000s\000\040\000R\000e\000f\000e\000r\000e\000n\000c\000e}{section.3}% 37
\BOOKMARK [3][-]{subsubsection.3.15.1}{\376\377\0003\000.\0001\0005\000.\0001\000\040\000D\000e\000t\000a\000i\000l\000e\000d\000\040\000D\000e\000s\000c\000r\000i\000p\000t\000i\000o\000n}{subsection.3.15}% 38
\BOOKMARK [3][-]{subsubsection.3.15.2}{\376\377\0003\000.\0001\0005\000.\0002\000\040\000M\000e\000m\000b\000e\000r\000\040\000F\000u\000n\000c\000t\000i\000o\000n\000\040\000D\000o\000c\000u\000m\000e\000n\000t\000a\000t\000i\000o\000n}{subsection.3.15}% 39
\BOOKMARK [2][-]{subsection.3.16}{\376\377\0003\000.\0001\0006\000\040\000C\000i\000t\000y\000M\000a\000p\000\040\000C\000l\000a\000s\000s\000\040\000R\000e\000f\000e\000r\000e\000n\000c\000e}{section.3}% 40
\BOOKMARK [3][-]{subsubsection.3.16.1}{\376\377\0003\000.\0001\0006\000.\0001\000\040\000D\000e\000t\000a\000i\000l\000e\000d\000\040\000D\000e\000s\000c\000r\000i\000p\000t\000i\000o\000n}{subsection.3.16}% 41
\BOOKMARK [3][-]{subsubsection.3.16.2}{\376\377\0003\000.\0001\0006\000.\0002\000\040\000M\000e\000m\000b\000e\000r\000\040\000F\000u\000n\000c\000t\000i\000o\000n\000\040\000D\000o\000c\000u\000m\000e\000n\000t\000a\000t\000i\000o\000n}{subsection.3.16}% 42
\BOOKMARK [2][-]{subsection.3.17}{\376\377\0003\000.\0001\0007\000\040\000C\000o\000n\000s\000t\000r\000a\000i\000n\000t\000C\000o\000n\000t\000r\000o\000l\000l\000e\000r\000\040\000C\000l\000a\000s\000s\000\040\000R\000e\000f\000e\000r\000e\000n\000c\000e}{section.3}% 43
\BOOKMARK [3][-]{subsubsection.3.17.1}{\376\377\0003\000.\0001\0007\000.\0001\000\040\000D\000e\000t\000a\000i\000l\000e\000d\000\040\000D\000e\000s\000c\000r\000i\000p\000t\000i\000o\000n}{subsection.3.17}% 44
\BOOKMARK [3][-]{subsubsection.3.17.2}{\376\377\0003\000.\0001\0007\000.\0002\000\040\000M\000e\000m\000b\000e\000r\000\040\000F\000u\000n\000c\000t\000i\000o\000n\000\040\000D\000o\000c\000u\000m\000e\000n\000t\000a\000t\000i\000o\000n}{subsection.3.17}% 45
\BOOKMARK [2][-]{subsection.3.18}{\376\377\0003\000.\0001\0008\000\040\000D\000a\000t\000a\000M\000a\000n\000a\000g\000e\000r\000\040\000C\000l\000a\000s\000s\000\040\000R\000e\000f\000e\000r\000e\000n\000c\000e}{section.3}% 46
\BOOKMARK [3][-]{subsubsection.3.18.1}{\376\377\0003\000.\0001\0008\000.\0001\000\040\000D\000e\000t\000a\000i\000l\000e\000d\000\040\000D\000e\000s\000c\000r\000i\000p\000t\000i\000o\000n}{subsection.3.18}% 47
\BOOKMARK [3][-]{subsubsection.3.18.2}{\376\377\0003\000.\0001\0008\000.\0002\000\040\000C\000o\000n\000s\000t\000r\000u\000c\000t\000o\000r\000\040\000\046\000\040\000D\000e\000s\000t\000r\000u\000c\000t\000o\000r\000\040\000D\000o\000c\000u\000m\000e\000n\000t\000a\000t\000i\000o\000n}{subsection.3.18}% 48
\BOOKMARK [3][-]{subsubsection.3.18.3}{\376\377\0003\000.\0001\0008\000.\0003\000\040\000M\000e\000m\000b\000e\000r\000\040\000F\000u\000n\000c\000t\000i\000o\000n\000\040\000D\000o\000c\000u\000m\000e\000n\000t\000a\000t\000i\000o\000n}{subsection.3.18}% 49
\BOOKMARK [2][-]{subsection.3.19}{\376\377\0003\000.\0001\0009\000\040\000D\000u\000b\000i\000n\000s\000\040\000C\000l\000a\000s\000s\000\040\000R\000e\000f\000e\000r\000e\000n\000c\000e}{section.3}% 50
\BOOKMARK [3][-]{subsubsection.3.19.1}{\376\377\0003\000.\0001\0009\000.\0001\000\040\000D\000e\000t\000a\000i\000l\000e\000d\000\040\000D\000e\000s\000c\000r\000i\000p\000t\000i\000o\000n}{subsection.3.19}% 51
\BOOKMARK [3][-]{subsubsection.3.19.2}{\376\377\0003\000.\0001\0009\000.\0002\000\040\000C\000o\000n\000s\000t\000r\000u\000c\000t\000o\000r\000\040\000\046\000\040\000D\000e\000s\000t\000r\000u\000c\000t\000o\000r\000\040\000D\000o\000c\000u\000m\000e\000n\000t\000a\000t\000i\000o\000n}{subsection.3.19}% 52
\BOOKMARK [3][-]{subsubsection.3.19.3}{\376\377\0003\000.\0001\0009\000.\0003\000\040\000M\000e\000m\000b\000e\000r\000\040\000F\000u\000n\000c\000t\000i\000o\000n\000\040\000D\000o\000c\000u\000m\000e\000n\000t\000a\000t\000i\000o\000n}{subsection.3.19}% 53
\BOOKMARK [2][-]{subsection.3.20}{\376\377\0003\000.\0002\0000\000\040\000D\000u\000b\000i\000n\000s\000P\000a\000t\000h\000\040\000C\000l\000a\000s\000s\000\040\000R\000e\000f\000e\000r\000e\000n\000c\000e}{section.3}% 54
\BOOKMARK [3][-]{subsubsection.3.20.1}{\376\377\0003\000.\0002\0000\000.\0001\000\040\000D\000e\000t\000a\000i\000l\000e\000d\000\040\000D\000e\000s\000c\000r\000i\000p\000t\000i\000o\000n}{subsection.3.20}% 55
\BOOKMARK [3][-]{subsubsection.3.20.2}{\376\377\0003\000.\0002\0000\000.\0002\000\040\000C\000o\000n\000s\000t\000r\000u\000c\000t\000o\000r\000\040\000\046\000\040\000D\000e\000s\000t\000r\000u\000c\000t\000o\000r\000\040\000D\000o\000c\000u\000m\000e\000n\000t\000a\000t\000i\000o\000n}{subsection.3.20}% 56
\BOOKMARK [2][-]{subsection.3.21}{\376\377\0003\000.\0002\0001\000\040\000F\000i\000l\000e\000S\000e\000l\000e\000c\000t\000o\000r\000\040\000C\000l\000a\000s\000s\000\040\000R\000e\000f\000e\000r\000e\000n\000c\000e}{section.3}% 57
\BOOKMARK [3][-]{subsubsection.3.21.1}{\376\377\0003\000.\0002\0001\000.\0001\000\040\000D\000e\000t\000a\000i\000l\000e\000d\000\040\000D\000e\000s\000c\000r\000i\000p\000t\000i\000o\000n}{subsection.3.21}% 58
\BOOKMARK [2][-]{subsection.3.22}{\376\377\0003\000.\0002\0002\000\040\000M\000a\000n\000a\000g\000e\000r\000\040\000C\000l\000a\000s\000s\000\040\000R\000e\000f\000e\000r\000e\000n\000c\000e}{section.3}% 59
\BOOKMARK [3][-]{subsubsection.3.22.1}{\376\377\0003\000.\0002\0002\000.\0001\000\040\000D\000e\000t\000a\000i\000l\000e\000d\000\040\000D\000e\000s\000c\000r\000i\000p\000t\000i\000o\000n}{subsection.3.22}% 60
\BOOKMARK [3][-]{subsubsection.3.22.2}{\376\377\0003\000.\0002\0002\000.\0002\000\040\000C\000o\000n\000s\000t\000r\000u\000c\000t\000o\000r\000\040\000\046\000\040\000D\000e\000s\000t\000r\000u\000c\000t\000o\000r\000\040\000D\000o\000c\000u\000m\000e\000n\000t\000a\000t\000i\000o\000n}{subsection.3.22}% 61
\BOOKMARK [3][-]{subsubsection.3.22.3}{\376\377\0003\000.\0002\0002\000.\0003\000\040\000M\000e\000m\000b\000e\000r\000\040\000F\000u\000n\000c\000t\000i\000o\000n\000\040\000D\000o\000c\000u\000m\000e\000n\000t\000a\000t\000i\000o\000n}{subsection.3.22}% 62
\BOOKMARK [2][-]{subsection.3.23}{\376\377\0003\000.\0002\0003\000\040\000R\000e\000n\000d\000e\000r\000e\000r\000\040\000C\000l\000a\000s\000s\000\040\000R\000e\000f\000e\000r\000e\000n\000c\000e}{section.3}% 63
\BOOKMARK [3][-]{subsubsection.3.23.1}{\376\377\0003\000.\0002\0003\000.\0001\000\040\000D\000e\000t\000a\000i\000l\000e\000d\000\040\000D\000e\000s\000c\000r\000i\000p\000t\000i\000o\000n}{subsection.3.23}% 64
\BOOKMARK [3][-]{subsubsection.3.23.2}{\376\377\0003\000.\0002\0003\000.\0002\000\040\000M\000e\000m\000b\000e\000r\000\040\000F\000u\000n\000c\000t\000i\000o\000n\000\040\000D\000o\000c\000u\000m\000e\000n\000t\000a\000t\000i\000o\000n}{subsection.3.23}% 65
\BOOKMARK [2][-]{subsection.3.24}{\376\377\0003\000.\0002\0004\000\040\000T\000e\000s\000t\000\040\000C\000l\000a\000s\000s\000\040\000R\000e\000f\000e\000r\000e\000n\000c\000e}{section.3}% 66
\BOOKMARK [3][-]{subsubsection.3.24.1}{\376\377\0003\000.\0002\0004\000.\0001\000\040\000D\000e\000t\000a\000i\000l\000e\000d\000\040\000D\000e\000s\000c\000r\000i\000p\000t\000i\000o\000n}{subsection.3.24}% 67
\BOOKMARK [2][-]{subsection.3.25}{\376\377\0003\000.\0002\0005\000\040\000T\000i\000m\000e\000d\000A\000S\000t\000a\000r\000\040\000C\000l\000a\000s\000s\000\040\000R\000e\000f\000e\000r\000e\000n\000c\000e}{section.3}% 68
\BOOKMARK [3][-]{subsubsection.3.25.1}{\376\377\0003\000.\0002\0005\000.\0001\000\040\000D\000e\000t\000a\000i\000l\000e\000d\000\040\000D\000e\000s\000c\000r\000i\000p\000t\000i\000o\000n}{subsection.3.25}% 69
\BOOKMARK [3][-]{subsubsection.3.25.2}{\376\377\0003\000.\0002\0005\000.\0002\000\040\000C\000o\000n\000s\000t\000r\000u\000c\000t\000o\000r\000\040\000\046\000\040\000D\000e\000s\000t\000r\000u\000c\000t\000o\000r\000\040\000D\000o\000c\000u\000m\000e\000n\000t\000a\000t\000i\000o\000n}{subsection.3.25}% 70
\BOOKMARK [3][-]{subsubsection.3.25.3}{\376\377\0003\000.\0002\0005\000.\0003\000\040\000M\000e\000m\000b\000e\000r\000\040\000F\000u\000n\000c\000t\000i\000o\000n\000\040\000D\000o\000c\000u\000m\000e\000n\000t\000a\000t\000i\000o\000n}{subsection.3.25}% 71
\BOOKMARK [1][-]{section.4}{\376\377\0004\000\040\000F\000i\000l\000e\000\040\000D\000o\000c\000u\000m\000e\000n\000t\000a\000t\000i\000o\000n}{}% 72
\BOOKMARK [2][-]{subsection.4.1}{\376\377\0004\000.\0001\000\040\000a\000S\000t\000a\000r\000.\000h\000\040\000F\000i\000l\000e\000\040\000R\000e\000f\000e\000r\000e\000n\000c\000e}{section.4}% 73
\BOOKMARK [3][-]{subsubsection.4.1.1}{\376\377\0004\000.\0001\000.\0001\000\040\000D\000e\000t\000a\000i\000l\000e\000d\000\040\000D\000e\000s\000c\000r\000i\000p\000t\000i\000o\000n}{subsection.4.1}% 74
\BOOKMARK [2][-]{subsection.4.2}{\376\377\0004\000.\0002\000\040\000a\000S\000t\000a\000r\000.\000h}{section.4}% 75
\BOOKMARK [2][-]{subsection.4.3}{\376\377\0004\000.\0003\000\040\000c\000a\000r\000.\000h\000\040\000F\000i\000l\000e\000\040\000R\000e\000f\000e\000r\000e\000n\000c\000e}{section.4}% 76
\BOOKMARK [3][-]{subsubsection.4.3.1}{\376\377\0004\000.\0003\000.\0001\000\040\000D\000e\000t\000a\000i\000l\000e\000d\000\040\000D\000e\000s\000c\000r\000i\000p\000t\000i\000o\000n}{subsection.4.3}% 77
\BOOKMARK [2][-]{subsection.4.4}{\376\377\0004\000.\0004\000\040\000c\000a\000r\000.\000h}{section.4}% 78
\BOOKMARK [2][-]{subsection.4.5}{\376\377\0004\000.\0005\000\040\000c\000i\000t\000y\000G\000r\000a\000p\000h\000.\000h\000\040\000F\000i\000l\000e\000\040\000R\000e\000f\000e\000r\000e\000n\000c\000e}{section.4}% 79
\BOOKMARK [3][-]{subsubsection.4.5.1}{\376\377\0004\000.\0005\000.\0001\000\040\000D\000e\000t\000a\000i\000l\000e\000d\000\040\000D\000e\000s\000c\000r\000i\000p\000t\000i\000o\000n}{subsection.4.5}% 80
\BOOKMARK [2][-]{subsection.4.6}{\376\377\0004\000.\0006\000\040\000c\000i\000t\000y\000G\000r\000a\000p\000h\000.\000h}{section.4}% 81
\BOOKMARK [2][-]{subsection.4.7}{\376\377\0004\000.\0007\000\040\000c\000i\000t\000y\000M\000a\000p\000.\000h}{section.4}% 82
\BOOKMARK [2][-]{subsection.4.8}{\376\377\0004\000.\0008\000\040\000c\000o\000n\000f\000i\000g\000.\000h\000\040\000F\000i\000l\000e\000\040\000R\000e\000f\000e\000r\000e\000n\000c\000e}{section.4}% 83
\BOOKMARK [3][-]{subsubsection.4.8.1}{\376\377\0004\000.\0008\000.\0001\000\040\000D\000e\000t\000a\000i\000l\000e\000d\000\040\000D\000e\000s\000c\000r\000i\000p\000t\000i\000o\000n}{subsection.4.8}% 84
\BOOKMARK [2][-]{subsection.4.9}{\376\377\0004\000.\0009\000\040\000c\000o\000n\000f\000i\000g\000.\000h}{section.4}% 85
\BOOKMARK [2][-]{subsection.4.10}{\376\377\0004\000.\0001\0000\000\040\000d\000a\000t\000a\000M\000a\000n\000a\000g\000e\000r\000.\000h\000\040\000F\000i\000l\000e\000\040\000R\000e\000f\000e\000r\000e\000n\000c\000e}{section.4}% 86
\BOOKMARK [3][-]{subsubsection.4.10.1}{\376\377\0004\000.\0001\0000\000.\0001\000\040\000D\000e\000t\000a\000i\000l\000e\000d\000\040\000D\000e\000s\000c\000r\000i\000p\000t\000i\000o\000n}{subsection.4.10}% 87
\BOOKMARK [2][-]{subsection.4.11}{\376\377\0004\000.\0001\0001\000\040\000d\000a\000t\000a\000M\000a\000n\000a\000g\000e\000r\000.\000h}{section.4}% 88
\BOOKMARK [2][-]{subsection.4.12}{\376\377\0004\000.\0001\0002\000\040\000d\000u\000b\000i\000n\000s\000.\000h\000\040\000F\000i\000l\000e\000\040\000R\000e\000f\000e\000r\000e\000n\000c\000e}{section.4}% 89
\BOOKMARK [3][-]{subsubsection.4.12.1}{\376\377\0004\000.\0001\0002\000.\0001\000\040\000D\000e\000t\000a\000i\000l\000e\000d\000\040\000D\000e\000s\000c\000r\000i\000p\000t\000i\000o\000n}{subsection.4.12}% 90
\BOOKMARK [2][-]{subsection.4.13}{\376\377\0004\000.\0001\0003\000\040\000d\000u\000b\000i\000n\000s\000.\000h}{section.4}% 91
\BOOKMARK [2][-]{subsection.4.14}{\376\377\0004\000.\0001\0004\000\040\000f\000i\000l\000e\000S\000e\000l\000e\000c\000t\000o\000r\000.\000h\000\040\000F\000i\000l\000e\000\040\000R\000e\000f\000e\000r\000e\000n\000c\000e}{section.4}% 92
\BOOKMARK [3][-]{subsubsection.4.14.1}{\376\377\0004\000.\0001\0004\000.\0001\000\040\000D\000e\000t\000a\000i\000l\000e\000d\000\040\000D\000e\000s\000c\000r\000i\000p\000t\000i\000o\000n}{subsection.4.14}% 93
\BOOKMARK [2][-]{subsection.4.15}{\376\377\0004\000.\0001\0005\000\040\000f\000i\000l\000e\000S\000e\000l\000e\000c\000t\000o\000r\000.\000h}{section.4}% 94
\BOOKMARK [2][-]{subsection.4.16}{\376\377\0004\000.\0001\0006\000\040\000m\000a\000n\000a\000g\000e\000r\000.\000h\000\040\000F\000i\000l\000e\000\040\000R\000e\000f\000e\000r\000e\000n\000c\000e}{section.4}% 95
\BOOKMARK [3][-]{subsubsection.4.16.1}{\376\377\0004\000.\0001\0006\000.\0001\000\040\000D\000e\000t\000a\000i\000l\000e\000d\000\040\000D\000e\000s\000c\000r\000i\000p\000t\000i\000o\000n}{subsection.4.16}% 96
\BOOKMARK [2][-]{subsection.4.17}{\376\377\0004\000.\0001\0007\000\040\000m\000a\000n\000a\000g\000e\000r\000.\000h}{section.4}% 97
\BOOKMARK [2][-]{subsection.4.18}{\376\377\0004\000.\0001\0008\000\040\000r\000e\000n\000d\000e\000r\000e\000r\000.\000h\000\040\000F\000i\000l\000e\000\040\000R\000e\000f\000e\000r\000e\000n\000c\000e}{section.4}% 98
\BOOKMARK [3][-]{subsubsection.4.18.1}{\376\377\0004\000.\0001\0008\000.\0001\000\040\000D\000e\000t\000a\000i\000l\000e\000d\000\040\000D\000e\000s\000c\000r\000i\000p\000t\000i\000o\000n}{subsection.4.18}% 99
\BOOKMARK [3][-]{subsubsection.4.18.2}{\376\377\0004\000.\0001\0008\000.\0002\000\040\000F\000u\000n\000c\000t\000i\000o\000n\000\040\000D\000o\000c\000u\000m\000e\000n\000t\000a\000t\000i\000o\000n}{subsection.4.18}% 100
\BOOKMARK [2][-]{subsection.4.19}{\376\377\0004\000.\0001\0009\000\040\000r\000e\000n\000d\000e\000r\000e\000r\000.\000h}{section.4}% 101
\BOOKMARK [2][-]{subsection.4.20}{\376\377\0004\000.\0002\0000\000\040\000t\000e\000s\000t\000.\000h\000\040\000F\000i\000l\000e\000\040\000R\000e\000f\000e\000r\000e\000n\000c\000e}{section.4}% 102
\BOOKMARK [3][-]{subsubsection.4.20.1}{\376\377\0004\000.\0002\0000\000.\0001\000\040\000D\000e\000t\000a\000i\000l\000e\000d\000\040\000D\000e\000s\000c\000r\000i\000p\000t\000i\000o\000n}{subsection.4.20}% 103
\BOOKMARK [2][-]{subsection.4.21}{\376\377\0004\000.\0002\0001\000\040\000t\000e\000s\000t\000.\000h}{section.4}% 104
\BOOKMARK [2][-]{subsection.4.22}{\376\377\0004\000.\0002\0002\000\040\000u\000t\000i\000l\000s\000.\000h\000\040\000F\000i\000l\000e\000\040\000R\000e\000f\000e\000r\000e\000n\000c\000e}{section.4}% 105
\BOOKMARK [3][-]{subsubsection.4.22.1}{\376\377\0004\000.\0002\0002\000.\0001\000\040\000D\000e\000t\000a\000i\000l\000e\000d\000\040\000D\000e\000s\000c\000r\000i\000p\000t\000i\000o\000n}{subsection.4.22}% 106
\BOOKMARK [3][-]{subsubsection.4.22.2}{\376\377\0004\000.\0002\0002\000.\0002\000\040\000F\000u\000n\000c\000t\000i\000o\000n\000\040\000D\000o\000c\000u\000m\000e\000n\000t\000a\000t\000i\000o\000n}{subsection.4.22}% 107
\BOOKMARK [2][-]{subsection.4.23}{\376\377\0004\000.\0002\0003\000\040\000u\000t\000i\000l\000s\000.\000h}{section.4}% 108
\BOOKMARK [2][-]{subsection.4.24}{\376\377\0004\000.\0002\0004\000\040\000i\000n\000d\000e\000x\000.\000p\000y}{section.4}% 109
\BOOKMARK [2][-]{subsection.4.25}{\376\377\0004\000.\0002\0005\000\040\000a\000S\000t\000a\000r\000.\000c\000p\000p\000\040\000F\000i\000l\000e\000\040\000R\000e\000f\000e\000r\000e\000n\000c\000e}{section.4}% 110
\BOOKMARK [3][-]{subsubsection.4.25.1}{\376\377\0004\000.\0002\0005\000.\0001\000\040\000D\000e\000t\000a\000i\000l\000e\000d\000\040\000D\000e\000s\000c\000r\000i\000p\000t\000i\000o\000n}{subsection.4.25}% 111
\BOOKMARK [2][-]{subsection.4.26}{\376\377\0004\000.\0002\0006\000\040\000a\000S\000t\000a\000r\000.\000c\000p\000p}{section.4}% 112
\BOOKMARK [2][-]{subsection.4.27}{\376\377\0004\000.\0002\0007\000\040\000c\000a\000r\000.\000c\000p\000p\000\040\000F\000i\000l\000e\000\040\000R\000e\000f\000e\000r\000e\000n\000c\000e}{section.4}% 113
\BOOKMARK [3][-]{subsubsection.4.27.1}{\376\377\0004\000.\0002\0007\000.\0001\000\040\000D\000e\000t\000a\000i\000l\000e\000d\000\040\000D\000e\000s\000c\000r\000i\000p\000t\000i\000o\000n}{subsection.4.27}% 114
\BOOKMARK [2][-]{subsection.4.28}{\376\377\0004\000.\0002\0008\000\040\000c\000a\000r\000.\000c\000p\000p}{section.4}% 115
\BOOKMARK [2][-]{subsection.4.29}{\376\377\0004\000.\0002\0009\000\040\000c\000i\000t\000y\000G\000r\000a\000p\000h\000.\000c\000p\000p\000\040\000F\000i\000l\000e\000\040\000R\000e\000f\000e\000r\000e\000n\000c\000e}{section.4}% 116
\BOOKMARK [3][-]{subsubsection.4.29.1}{\376\377\0004\000.\0002\0009\000.\0001\000\040\000D\000e\000t\000a\000i\000l\000e\000d\000\040\000D\000e\000s\000c\000r\000i\000p\000t\000i\000o\000n}{subsection.4.29}% 117
\BOOKMARK [2][-]{subsection.4.30}{\376\377\0004\000.\0003\0000\000\040\000c\000i\000t\000y\000G\000r\000a\000p\000h\000.\000c\000p\000p}{section.4}% 118
\BOOKMARK [2][-]{subsection.4.31}{\376\377\0004\000.\0003\0001\000\040\000c\000i\000t\000y\000M\000a\000p\000.\000c\000p\000p\000\040\000F\000i\000l\000e\000\040\000R\000e\000f\000e\000r\000e\000n\000c\000e}{section.4}% 119
\BOOKMARK [3][-]{subsubsection.4.31.1}{\376\377\0004\000.\0003\0001\000.\0001\000\040\000D\000e\000t\000a\000i\000l\000e\000d\000\040\000D\000e\000s\000c\000r\000i\000p\000t\000i\000o\000n}{subsection.4.31}% 120
\BOOKMARK [2][-]{subsection.4.32}{\376\377\0004\000.\0003\0002\000\040\000c\000i\000t\000y\000M\000a\000p\000.\000c\000p\000p}{section.4}% 121
\BOOKMARK [2][-]{subsection.4.33}{\376\377\0004\000.\0003\0003\000\040\000c\000o\000n\000s\000t\000r\000a\000i\000n\000t\000C\000o\000n\000t\000r\000o\000l\000l\000e\000r\000.\000c\000p\000p\000\040\000F\000i\000l\000e\000\040\000R\000e\000f\000e\000r\000e\000n\000c\000e}{section.4}% 122
\BOOKMARK [3][-]{subsubsection.4.33.1}{\376\377\0004\000.\0003\0003\000.\0001\000\040\000D\000e\000t\000a\000i\000l\000e\000d\000\040\000D\000e\000s\000c\000r\000i\000p\000t\000i\000o\000n}{subsection.4.33}% 123
\BOOKMARK [2][-]{subsection.4.34}{\376\377\0004\000.\0003\0004\000\040\000c\000o\000n\000s\000t\000r\000a\000i\000n\000t\000C\000o\000n\000t\000r\000o\000l\000l\000e\000r\000.\000c\000p\000p}{section.4}% 124
\BOOKMARK [2][-]{subsection.4.35}{\376\377\0004\000.\0003\0005\000\040\000d\000a\000t\000a\000M\000a\000n\000a\000g\000e\000r\000.\000c\000p\000p\000\040\000F\000i\000l\000e\000\040\000R\000e\000f\000e\000r\000e\000n\000c\000e}{section.4}% 125
\BOOKMARK [3][-]{subsubsection.4.35.1}{\376\377\0004\000.\0003\0005\000.\0001\000\040\000D\000e\000t\000a\000i\000l\000e\000d\000\040\000D\000e\000s\000c\000r\000i\000p\000t\000i\000o\000n}{subsection.4.35}% 126
\BOOKMARK [2][-]{subsection.4.36}{\376\377\0004\000.\0003\0006\000\040\000d\000a\000t\000a\000M\000a\000n\000a\000g\000e\000r\000.\000c\000p\000p}{section.4}% 127
\BOOKMARK [2][-]{subsection.4.37}{\376\377\0004\000.\0003\0007\000\040\000d\000u\000b\000i\000n\000s\000.\000c\000p\000p\000\040\000F\000i\000l\000e\000\040\000R\000e\000f\000e\000r\000e\000n\000c\000e}{section.4}% 128
\BOOKMARK [3][-]{subsubsection.4.37.1}{\376\377\0004\000.\0003\0007\000.\0001\000\040\000D\000e\000t\000a\000i\000l\000e\000d\000\040\000D\000e\000s\000c\000r\000i\000p\000t\000i\000o\000n}{subsection.4.37}% 129
\BOOKMARK [2][-]{subsection.4.38}{\376\377\0004\000.\0003\0008\000\040\000d\000u\000b\000i\000n\000s\000.\000c\000p\000p}{section.4}% 130
\BOOKMARK [2][-]{subsection.4.39}{\376\377\0004\000.\0003\0009\000\040\000f\000i\000l\000e\000S\000e\000l\000e\000c\000t\000o\000r\000.\000c\000p\000p\000\040\000F\000i\000l\000e\000\040\000R\000e\000f\000e\000r\000e\000n\000c\000e}{section.4}% 131
\BOOKMARK [3][-]{subsubsection.4.39.1}{\376\377\0004\000.\0003\0009\000.\0001\000\040\000D\000e\000t\000a\000i\000l\000e\000d\000\040\000D\000e\000s\000c\000r\000i\000p\000t\000i\000o\000n}{subsection.4.39}% 132
\BOOKMARK [2][-]{subsection.4.40}{\376\377\0004\000.\0004\0000\000\040\000f\000i\000l\000e\000S\000e\000l\000e\000c\000t\000o\000r\000.\000c\000p\000p}{section.4}% 133
\BOOKMARK [2][-]{subsection.4.41}{\376\377\0004\000.\0004\0001\000\040\000m\000a\000i\000n\000.\000c\000p\000p\000\040\000F\000i\000l\000e\000\040\000R\000e\000f\000e\000r\000e\000n\000c\000e}{section.4}% 134
\BOOKMARK [3][-]{subsubsection.4.41.1}{\376\377\0004\000.\0004\0001\000.\0001\000\040\000D\000e\000t\000a\000i\000l\000e\000d\000\040\000D\000e\000s\000c\000r\000i\000p\000t\000i\000o\000n}{subsection.4.41}% 135
\BOOKMARK [2][-]{subsection.4.42}{\376\377\0004\000.\0004\0002\000\040\000m\000a\000i\000n\000.\000c\000p\000p}{section.4}% 136
\BOOKMARK [2][-]{subsection.4.43}{\376\377\0004\000.\0004\0003\000\040\000m\000a\000n\000a\000g\000e\000r\000.\000c\000p\000p\000\040\000F\000i\000l\000e\000\040\000R\000e\000f\000e\000r\000e\000n\000c\000e}{section.4}% 137
\BOOKMARK [3][-]{subsubsection.4.43.1}{\376\377\0004\000.\0004\0003\000.\0001\000\040\000D\000e\000t\000a\000i\000l\000e\000d\000\040\000D\000e\000s\000c\000r\000i\000p\000t\000i\000o\000n}{subsection.4.43}% 138
\BOOKMARK [2][-]{subsection.4.44}{\376\377\0004\000.\0004\0004\000\040\000m\000a\000n\000a\000g\000e\000r\000.\000c\000p\000p}{section.4}% 139
\BOOKMARK [2][-]{subsection.4.45}{\376\377\0004\000.\0004\0005\000\040\000m\000a\000n\000a\000g\000e\000r\000C\000B\000S\000.\000c\000p\000p\000\040\000F\000i\000l\000e\000\040\000R\000e\000f\000e\000r\000e\000n\000c\000e}{section.4}% 140
\BOOKMARK [3][-]{subsubsection.4.45.1}{\376\377\0004\000.\0004\0005\000.\0001\000\040\000D\000e\000t\000a\000i\000l\000e\000d\000\040\000D\000e\000s\000c\000r\000i\000p\000t\000i\000o\000n}{subsection.4.45}% 141
\BOOKMARK [2][-]{subsection.4.46}{\376\377\0004\000.\0004\0006\000\040\000m\000a\000n\000a\000g\000e\000r\000C\000B\000S\000.\000c\000p\000p}{section.4}% 142
\BOOKMARK [2][-]{subsection.4.47}{\376\377\0004\000.\0004\0007\000\040\000r\000e\000n\000d\000e\000r\000e\000r\000.\000c\000p\000p\000\040\000F\000i\000l\000e\000\040\000R\000e\000f\000e\000r\000e\000n\000c\000e}{section.4}% 143
\BOOKMARK [3][-]{subsubsection.4.47.1}{\376\377\0004\000.\0004\0007\000.\0001\000\040\000D\000e\000t\000a\000i\000l\000e\000d\000\040\000D\000e\000s\000c\000r\000i\000p\000t\000i\000o\000n}{subsection.4.47}% 144
\BOOKMARK [2][-]{subsection.4.48}{\376\377\0004\000.\0004\0008\000\040\000r\000e\000n\000d\000e\000r\000e\000r\000.\000c\000p\000p}{section.4}% 145
\BOOKMARK [2][-]{subsection.4.49}{\376\377\0004\000.\0004\0009\000\040\000t\000e\000s\000t\000.\000c\000p\000p\000\040\000F\000i\000l\000e\000\040\000R\000e\000f\000e\000r\000e\000n\000c\000e}{section.4}% 146
\BOOKMARK [3][-]{subsubsection.4.49.1}{\376\377\0004\000.\0004\0009\000.\0001\000\040\000D\000e\000t\000a\000i\000l\000e\000d\000\040\000D\000e\000s\000c\000r\000i\000p\000t\000i\000o\000n}{subsection.4.49}% 147
\BOOKMARK [2][-]{subsection.4.50}{\376\377\0004\000.\0005\0000\000\040\000t\000e\000s\000t\000.\000c\000p\000p}{section.4}% 148
\BOOKMARK [2][-]{subsection.4.51}{\376\377\0004\000.\0005\0001\000\040\000t\000i\000m\000e\000d\000A\000S\000t\000a\000r\000.\000c\000p\000p\000\040\000F\000i\000l\000e\000\040\000R\000e\000f\000e\000r\000e\000n\000c\000e}{section.4}% 149
\BOOKMARK [3][-]{subsubsection.4.51.1}{\376\377\0004\000.\0005\0001\000.\0001\000\040\000D\000e\000t\000a\000i\000l\000e\000d\000\040\000D\000e\000s\000c\000r\000i\000p\000t\000i\000o\000n}{subsection.4.51}% 150
\BOOKMARK [2][-]{subsection.4.52}{\376\377\0004\000.\0005\0002\000\040\000t\000i\000m\000e\000d\000A\000S\000t\000a\000r\000.\000c\000p\000p}{section.4}% 151
\BOOKMARK [2][-]{subsection.4.53}{\376\377\0004\000.\0005\0003\000\040\000u\000t\000i\000l\000s\000.\000c\000p\000p\000\040\000F\000i\000l\000e\000\040\000R\000e\000f\000e\000r\000e\000n\000c\000e}{section.4}% 152
\BOOKMARK [3][-]{subsubsection.4.53.1}{\376\377\0004\000.\0005\0003\000.\0001\000\040\000D\000e\000t\000a\000i\000l\000e\000d\000\040\000D\000e\000s\000c\000r\000i\000p\000t\000i\000o\000n}{subsection.4.53}% 153
\BOOKMARK [3][-]{subsubsection.4.53.2}{\376\377\0004\000.\0005\0003\000.\0002\000\040\000F\000u\000n\000c\000t\000i\000o\000n\000\040\000D\000o\000c\000u\000m\000e\000n\000t\000a\000t\000i\000o\000n}{subsection.4.53}% 154
\BOOKMARK [2][-]{subsection.4.54}{\376\377\0004\000.\0005\0004\000\040\000u\000t\000i\000l\000s\000.\000c\000p\000p}{section.4}% 155
\BOOKMARK [1][-]{section*.117}{\376\377\000I\000n\000d\000e\000x}{}% 156
